<?xml version="1.0" encoding="UTF-8"?>
<!-- Generated by org.testng.reporters.JUnitReportReporter -->
<testsuite hostname="DESKTOP-8GQ3KA3" failures="0" tests="4" name="com.spotify.testcases.PlayListTestCase" time="8.180" errors="0" timestamp="2022-12-17T08:19:25 IST" skipped="0">
  <testcase classname="com.spotify.testcases.PlayListTestCase" name="createPlayList" time="7.050"/>
  <system-out/>
  <testcase classname="com.spotify.testcases.PlayListTestCase" name="getPlayList" time="0.528"/>
  <system-out/>
  <testcase classname="com.spotify.testcases.PlayListTestCase" name="updatePlaylist" time="0.406"/>
  <system-out/>
  <testcase classname="com.spotify.testcases.PlayListTestCase" name="notTocreatePlayList" time="0.196"/>
  <system-out/>
</testsuite> <!-- com.spotify.testcases.PlayListTestCase -->
