<?xml version="1.0" encoding="UTF-8"?>
<!-- Generated by org.testng.reporters.JUnitReportReporter -->
<testsuite hostname="DESKTOP-8GQ3KA3" failures="0" tests="1" name="com.spotify.testcases.PlayListTestCase" time="3.571" errors="0" timestamp="2022-12-11T08:30:29 IST" skipped="0">
  <testcase classname="com.spotify.testcases.PlayListTestCase" name="createPlayList" time="3.571"/>
  <system-out/>
</testsuite> <!-- com.spotify.testcases.PlayListTestCase -->
